[21:19:22] [ServerMain/INFO]: Environment: Environment[sessionHost=https://sessionserver.mojang.com, servicesHost=https://api.minecraftservices.com, name=PROD]
[21:19:22] [ServerMain/INFO]: Found new data pack file/bukkit, loading it automatically
[21:19:24] [ServerMain/INFO]: No existing world data, creating new world
[21:19:26] [ServerMain/INFO]: Loaded 1174 recipes
[21:19:26] [ServerMain/INFO]: Loaded 1271 advancements
[21:19:28] [Server thread/INFO]: Starting minecraft server version 1.20.4
[21:19:28] [Server thread/INFO]: Loading properties
[21:19:29] [AWT-EventQueue-0/WARN]: Exception in thread "AWT-EventQueue-0" java.lang.NullPointerException: Cannot invoke "org.bukkit.Server.getTPS()" because "org.bukkit.Bukkit.server" is null
[21:19:29] [AWT-EventQueue-0/WARN]: 	at org.bukkit.Bukkit.getTPS(Bukkit.java:2357)
[21:19:29] [AWT-EventQueue-0/WARN]: 	at com.destroystokyo.paper.gui.RAMDetails.update(RAMDetails.java:62)
[21:19:29] [AWT-EventQueue-0/WARN]: 	at com.destroystokyo.paper.gui.GuiStatsComponent.lambda$new$0(GuiStatsComponent.java:27)
[21:19:29] [AWT-EventQueue-0/WARN]: 	at java.desktop/javax.swing.Timer.fireActionPerformed(Timer.java:311)
[21:19:29] [AWT-EventQueue-0/WARN]: 	at java.desktop/javax.swing.Timer$DoPostEvent.run(Timer.java:243)
[21:19:29] [AWT-EventQueue-0/WARN]: 	at java.desktop/java.awt.event.InvocationEvent.dispatch(InvocationEvent.java:318)
[21:19:29] [AWT-EventQueue-0/WARN]: 	at java.desktop/java.awt.EventQueue.dispatchEventImpl(EventQueue.java:773)
[21:19:29] [AWT-EventQueue-0/WARN]: 	at java.desktop/java.awt.EventQueue$4.run(EventQueue.java:720)
[21:19:29] [AWT-EventQueue-0/WARN]: 	at java.desktop/java.awt.EventQueue$4.run(EventQueue.java:714)
[21:19:29] [AWT-EventQueue-0/WARN]: 	at java.base/java.security.AccessController.doPrivileged(AccessController.java:399)
[21:19:29] [AWT-EventQueue-0/WARN]: 	at java.base/java.security.ProtectionDomain$JavaSecurityAccessImpl.doIntersectionPrivilege(ProtectionDomain.java:86)
[21:19:29] [AWT-EventQueue-0/WARN]: 	at java.desktop/java.awt.EventQueue.dispatchEvent(EventQueue.java:742)
[21:19:29] [AWT-EventQueue-0/WARN]: 	at java.desktop/java.awt.EventDispatchThread.pumpOneEventForFilters(EventDispatchThread.java:203)
[21:19:29] [AWT-EventQueue-0/WARN]: 	at java.desktop/java.awt.EventDispatchThread.pumpEventsForFilter(EventDispatchThread.java:124)
[21:19:29] [AWT-EventQueue-0/WARN]: 	at java.desktop/java.awt.EventDispatchThread.pumpEventsForHierarchy(EventDispatchThread.java:113)
[21:19:29] [AWT-EventQueue-0/WARN]: 	at java.desktop/java.awt.EventDispatchThread.pumpEvents(EventDispatchThread.java:109)
[21:19:29] [AWT-EventQueue-0/WARN]: 	at java.desktop/java.awt.EventDispatchThread.pumpEvents(EventDispatchThread.java:101)
[21:19:29] [AWT-EventQueue-0/WARN]: 	at java.desktop/java.awt.EventDispatchThread.run(EventDispatchThread.java:90)
[21:19:29] [Server thread/INFO]: This server is running Paper version git-Paper-493 (MC: 1.20.4) (Implementing API version 1.20.4-R0.1-SNAPSHOT) (Git: a6b6ecd)
[21:19:30] [Server thread/INFO]: Server Ping Player Sample Count: 12
[21:19:30] [Server thread/INFO]: Using 4 threads for Netty based IO
[21:19:30] [Server thread/INFO]: [ChunkTaskScheduler] Chunk system is using 1 I/O threads, 3 worker threads, and gen parallelism of 3 threads
[21:19:30] [Server thread/WARN]: [!] The timings profiler has been enabled but has been scheduled for removal from Paper in the future.
    We recommend installing the spark profiler as a replacement: https://spark.lucko.me/
    For more information please visit: https://github.com/PaperMC/Paper/issues/8948
[21:19:31] [Server console handler/ERROR]: [TerminalConsole] Failed to read console input
java.io.IOException: The handle is invalid
	at java.io.FileInputStream.readBytes(Native Method) ~[?:?]
	at java.io.FileInputStream.read(FileInputStream.java:276) ~[?:?]
	at java.io.BufferedInputStream.read1(BufferedInputStream.java:282) ~[?:?]
	at java.io.BufferedInputStream.read(BufferedInputStream.java:343) ~[?:?]
	at sun.nio.cs.StreamDecoder.readBytes(StreamDecoder.java:281) ~[?:?]
	at sun.nio.cs.StreamDecoder.implRead(StreamDecoder.java:324) ~[?:?]
	at sun.nio.cs.StreamDecoder.read(StreamDecoder.java:189) ~[?:?]
	at java.io.InputStreamReader.read(InputStreamReader.java:177) ~[?:?]
	at java.io.BufferedReader.fill(BufferedReader.java:162) ~[?:?]
	at java.io.BufferedReader.readLine(BufferedReader.java:329) ~[?:?]
	at java.io.BufferedReader.readLine(BufferedReader.java:396) ~[?:?]
	at net.minecrell.terminalconsole.SimpleTerminalConsole.readCommands(SimpleTerminalConsole.java:180) ~[terminalconsoleappender-1.3.0.jar:?]
	at net.minecrell.terminalconsole.SimpleTerminalConsole.start(SimpleTerminalConsole.java:143) ~[terminalconsoleappender-1.3.0.jar:?]
	at net.minecraft.server.dedicated.DedicatedServer$1.run(DedicatedServer.java:102) ~[paper-1.20.4.jar:git-Paper-493]
	Suppressed: java.io.IOException: The handle is invalid
		at java.io.FileDescriptor.close0(Native Method) ~[?:?]
		at java.io.FileDescriptor.close(FileDescriptor.java:297) ~[?:?]
		at java.io.FileInputStream$1.close(FileInputStream.java:459) ~[?:?]
		at java.io.FileDescriptor.closeAll(FileDescriptor.java:355) ~[?:?]
		at java.io.FileInputStream.close(FileInputStream.java:457) ~[?:?]
		at java.io.BufferedInputStream.close(BufferedInputStream.java:481) ~[?:?]
		at sun.nio.cs.StreamDecoder.implClose(StreamDecoder.java:377) ~[?:?]
		at sun.nio.cs.StreamDecoder.close(StreamDecoder.java:205) ~[?:?]
		at java.io.InputStreamReader.close(InputStreamReader.java:192) ~[?:?]
		at java.io.BufferedReader.close(BufferedReader.java:525) ~[?:?]
		at net.minecrell.terminalconsole.SimpleTerminalConsole.readCommands(SimpleTerminalConsole.java:183) ~[terminalconsoleappender-1.3.0.jar:?]
		at net.minecrell.terminalconsole.SimpleTerminalConsole.start(SimpleTerminalConsole.java:143) ~[terminalconsoleappender-1.3.0.jar:?]
		at net.minecraft.server.dedicated.DedicatedServer$1.run(DedicatedServer.java:102) ~[paper-1.20.4.jar:git-Paper-493]
[21:19:31] [Server thread/INFO]: Default game type: SURVIVAL
[21:19:31] [Server thread/INFO]: Generating keypair
[21:19:31] [Server thread/INFO]: Starting Minecraft server on *:25565
[21:19:31] [Server thread/INFO]: Using default channel type
[21:19:31] [Server thread/INFO]: Paper: Using Java compression from Velocity.
[21:19:31] [Server thread/INFO]: Paper: Using Java cipher from Velocity.
[21:19:31] [Server thread/INFO]: Preparing level "world"
[21:19:39] [Server thread/INFO]: Preparing start region for dimension minecraft:overworld
[21:19:39] [Server thread/INFO]: Time elapsed: 167 ms
[21:19:39] [Server thread/INFO]: Preparing start region for dimension minecraft:the_nether
[21:19:39] [Server thread/INFO]: Time elapsed: 151 ms
[21:19:39] [Server thread/INFO]: Preparing start region for dimension minecraft:the_end
[21:19:39] [Server thread/INFO]: Time elapsed: 69 ms
[21:19:39] [Server thread/INFO]: Running delayed init tasks
[21:19:39] [Server thread/INFO]: Done (10.657s)! For help, type "help"
[21:19:39] [Server thread/INFO]: *************************************************************************************
[21:19:39] [Server thread/INFO]: This is the first time you're starting this server.
[21:19:39] [Server thread/INFO]: It's recommended you read our 'Getting Started' documentation for guidance.
[21:19:39] [Server thread/INFO]: View this and more helpful information here: https://docs.papermc.io/paper/next-steps
[21:19:39] [Server thread/INFO]: *************************************************************************************
[21:19:39] [Server thread/INFO]: Timings Reset
[21:19:52] [Server thread/WARN]: Can't keep up! Is the server overloaded? Running 4094ms or 81 ticks behind
[21:20:19] [Server thread/WARN]: Can't keep up! Is the server overloaded? Running 2685ms or 53 ticks behind
[21:21:21] [Server thread/INFO]: TPS from last 1m, 5m, 15m: 20.0, 19.57, 19.85
[21:21:26] [Server thread/INFO]: Stopping server
[21:21:26] [Server thread/INFO]: Saving players
[21:21:26] [Server thread/INFO]: Saving worlds
[21:21:26] [Server thread/INFO]: Saving chunks for level 'ServerLevel[world]'/minecraft:overworld
[21:21:26] [Server thread/INFO]: [ChunkHolderManager] Waiting 60s for chunk system to halt for world 'world'
[21:21:26] [Server thread/INFO]: [ChunkHolderManager] Halted chunk system for world 'world'
[21:21:26] [Server thread/INFO]: [ChunkHolderManager] Saving all chunkholders for world 'world'
[21:21:28] [Server thread/INFO]: [ChunkHolderManager] Saved 2025 block chunks, 529 entity chunks, 2 poi chunks in world 'world' in 1.54s
[21:21:28] [Server thread/INFO]: ThreadedAnvilChunkStorage (world): All chunks are saved
[21:21:28] [Server thread/INFO]: Saving chunks for level 'ServerLevel[world_nether]'/minecraft:the_nether
[21:21:28] [Server thread/INFO]: [ChunkHolderManager] Waiting 60s for chunk system to halt for world 'world_nether'
[21:21:28] [Server thread/INFO]: [ChunkHolderManager] Halted chunk system for world 'world_nether'
[21:21:28] [Server thread/INFO]: [ChunkHolderManager] Saving all chunkholders for world 'world_nether'
[21:21:29] [Server thread/INFO]: [ChunkHolderManager] Saved 2025 block chunks, 529 entity chunks, 0 poi chunks in world 'world_nether' in 1.01s
[21:21:29] [Server thread/INFO]: ThreadedAnvilChunkStorage (DIM-1): All chunks are saved
[21:21:29] [Server thread/INFO]: Saving chunks for level 'ServerLevel[world_the_end]'/minecraft:the_end
[21:21:29] [Server thread/INFO]: [ChunkHolderManager] Waiting 60s for chunk system to halt for world 'world_the_end'
[21:21:29] [Server thread/INFO]: [ChunkHolderManager] Halted chunk system for world 'world_the_end'
[21:21:29] [Server thread/INFO]: [ChunkHolderManager] Saving all chunkholders for world 'world_the_end'
[21:21:30] [Server thread/INFO]: [ChunkHolderManager] Saved 2025 block chunks, 529 entity chunks, 0 poi chunks in world 'world_the_end' in 0.57s
[21:21:30] [Server thread/INFO]: ThreadedAnvilChunkStorage (DIM1): All chunks are saved
[21:21:30] [Server thread/INFO]: ThreadedAnvilChunkStorage: All dimensions are saved
[21:21:30] [Server thread/INFO]: Flushing Chunk IO
[21:21:30] [Server thread/INFO]: Closing Thread Pool
[21:21:30] [Server thread/INFO]: Closing Server
